<?xml version="1.0" encoding="UTF-8"?><testrun name="MathExpressionParserTest" project="lab12" tests="11" started="11" failures="0" errors="7" ignored="0">
  <testsuite name="lab12.MathExpressionParserTest" time="0.003">
    <testcase name="testMismatchedParentheses" classname="lab12.MathExpressionParserTest" time="0.0"/>
    <testcase name="testComplexParentheses" classname="lab12.MathExpressionParserTest" time="0.001">
      <error>java.lang.IllegalArgumentException: Invalid expression: (2+3)*(4-1)&#13;
	at lab12/lab12.MathExpressionParser.evaluateExpression(MathExpressionParser.java:27)&#13;
	at lab12/lab12.MathExpressionParserTest.testComplexParentheses(MathExpressionParserTest.java:50)&#13;
	at java.base/jdk.internal.reflect.DirectMethodHandleAccessor.invoke(DirectMethodHandleAccessor.java:103)&#13;
	at java.base/java.lang.reflect.Method.invoke(Method.java:580)&#13;
	at junit@1000/org.junit.runners.model.FrameworkMethod$1.runReflectiveCall(FrameworkMethod.java:59)&#13;
	at junit@1000/org.junit.internal.runners.model.ReflectiveCallable.run(ReflectiveCallable.java:12)&#13;
	at junit@1000/org.junit.runners.model.FrameworkMethod.invokeExplosively(FrameworkMethod.java:56)&#13;
	at junit@1000/org.junit.internal.runners.statements.InvokeMethod.evaluate(InvokeMethod.java:17)&#13;
	at junit@1000/org.junit.runners.ParentRunner$3.evaluate(ParentRunner.java:306)&#13;
	at junit@1000/org.junit.runners.BlockJUnit4ClassRunner$1.evaluate(BlockJUnit4ClassRunner.java:100)&#13;
	at junit@1000/org.junit.runners.ParentRunner.runLeaf(ParentRunner.java:366)&#13;
	at junit@1000/org.junit.runners.BlockJUnit4ClassRunner.runChild(BlockJUnit4ClassRunner.java:103)&#13;
	at junit@1000/org.junit.runners.BlockJUnit4ClassRunner.runChild(BlockJUnit4ClassRunner.java:63)&#13;
	at junit@1000/org.junit.runners.ParentRunner$4.run(ParentRunner.java:331)&#13;
	at junit@1000/org.junit.runners.ParentRunner$1.schedule(ParentRunner.java:79)&#13;
	at junit@1000/org.junit.runners.ParentRunner.runChildren(ParentRunner.java:329)&#13;
	at junit@1000/org.junit.runners.ParentRunner.access$100(ParentRunner.java:66)&#13;
	at junit@1000/org.junit.runners.ParentRunner$2.evaluate(ParentRunner.java:293)&#13;
	at junit@1000/org.junit.runners.ParentRunner$3.evaluate(ParentRunner.java:306)&#13;
	at junit@1000/org.junit.runners.ParentRunner.run(ParentRunner.java:413)&#13;
	at org.eclipse.jdt.internal.junit4.runner.JUnit4TestReference.run(JUnit4TestReference.java:93)&#13;
	at org.eclipse.jdt.internal.junit.runner.TestExecution.run(TestExecution.java:40)&#13;
	at org.eclipse.jdt.internal.junit.runner.RemoteTestRunner.runTests(RemoteTestRunner.java:530)&#13;
	at org.eclipse.jdt.internal.junit.runner.RemoteTestRunner.runTests(RemoteTestRunner.java:758)&#13;
	at org.eclipse.jdt.internal.junit.runner.RemoteTestRunner.run(RemoteTestRunner.java:453)&#13;
	at org.eclipse.jdt.internal.junit.runner.RemoteTestRunner.main(RemoteTestRunner.java:211)&#13;
&#13;
</error>
    </testcase>
    <testcase name="testEmptyExpression" classname="lab12.MathExpressionParserTest" time="0.0"/>
    <testcase name="testMultiplication" classname="lab12.MathExpressionParserTest" time="0.0">
      <error>java.lang.IllegalArgumentException: Invalid expression: 5*2&#13;
	at lab12/lab12.MathExpressionParser.evaluateExpression(MathExpressionParser.java:27)&#13;
	at lab12/lab12.MathExpressionParserTest.testMultiplication(MathExpressionParserTest.java:20)&#13;
	at java.base/jdk.internal.reflect.DirectMethodHandleAccessor.invoke(DirectMethodHandleAccessor.java:103)&#13;
	at java.base/java.lang.reflect.Method.invoke(Method.java:580)&#13;
	at junit@1000/org.junit.runners.model.FrameworkMethod$1.runReflectiveCall(FrameworkMethod.java:59)&#13;
	at junit@1000/org.junit.internal.runners.model.ReflectiveCallable.run(ReflectiveCallable.java:12)&#13;
	at junit@1000/org.junit.runners.model.FrameworkMethod.invokeExplosively(FrameworkMethod.java:56)&#13;
	at junit@1000/org.junit.internal.runners.statements.InvokeMethod.evaluate(InvokeMethod.java:17)&#13;
	at junit@1000/org.junit.runners.ParentRunner$3.evaluate(ParentRunner.java:306)&#13;
	at junit@1000/org.junit.runners.BlockJUnit4ClassRunner$1.evaluate(BlockJUnit4ClassRunner.java:100)&#13;
	at junit@1000/org.junit.runners.ParentRunner.runLeaf(ParentRunner.java:366)&#13;
	at junit@1000/org.junit.runners.BlockJUnit4ClassRunner.runChild(BlockJUnit4ClassRunner.java:103)&#13;
	at junit@1000/org.junit.runners.BlockJUnit4ClassRunner.runChild(BlockJUnit4ClassRunner.java:63)&#13;
	at junit@1000/org.junit.runners.ParentRunner$4.run(ParentRunner.java:331)&#13;
	at junit@1000/org.junit.runners.ParentRunner$1.schedule(ParentRunner.java:79)&#13;
	at junit@1000/org.junit.runners.ParentRunner.runChildren(ParentRunner.java:329)&#13;
	at junit@1000/org.junit.runners.ParentRunner.access$100(ParentRunner.java:66)&#13;
	at junit@1000/org.junit.runners.ParentRunner$2.evaluate(ParentRunner.java:293)&#13;
	at junit@1000/org.junit.runners.ParentRunner$3.evaluate(ParentRunner.java:306)&#13;
	at junit@1000/org.junit.runners.ParentRunner.run(ParentRunner.java:413)&#13;
	at org.eclipse.jdt.internal.junit4.runner.JUnit4TestReference.run(JUnit4TestReference.java:93)&#13;
	at org.eclipse.jdt.internal.junit.runner.TestExecution.run(TestExecution.java:40)&#13;
	at org.eclipse.jdt.internal.junit.runner.RemoteTestRunner.runTests(RemoteTestRunner.java:530)&#13;
	at org.eclipse.jdt.internal.junit.runner.RemoteTestRunner.runTests(RemoteTestRunner.java:758)&#13;
	at org.eclipse.jdt.internal.junit.runner.RemoteTestRunner.run(RemoteTestRunner.java:453)&#13;
	at org.eclipse.jdt.internal.junit.runner.RemoteTestRunner.main(RemoteTestRunner.java:211)&#13;
&#13;
</error>
    </testcase>
    <testcase name="testAddition" classname="lab12.MathExpressionParserTest" time="0.0"/>
    <testcase name="testInvalidCharacter" classname="lab12.MathExpressionParserTest" time="0.0"/>
    <testcase name="testParentheses" classname="lab12.MathExpressionParserTest" time="0.0">
      <error>java.lang.IllegalArgumentException: Invalid expression: (3+5)*2&#13;
	at lab12/lab12.MathExpressionParser.evaluateExpression(MathExpressionParser.java:27)&#13;
	at lab12/lab12.MathExpressionParserTest.testParentheses(MathExpressionParserTest.java:26)&#13;
	at java.base/jdk.internal.reflect.DirectMethodHandleAccessor.invoke(DirectMethodHandleAccessor.java:103)&#13;
	at java.base/java.lang.reflect.Method.invoke(Method.java:580)&#13;
	at junit@1000/org.junit.runners.model.FrameworkMethod$1.runReflectiveCall(FrameworkMethod.java:59)&#13;
	at junit@1000/org.junit.internal.runners.model.ReflectiveCallable.run(ReflectiveCallable.java:12)&#13;
	at junit@1000/org.junit.runners.model.FrameworkMethod.invokeExplosively(FrameworkMethod.java:56)&#13;
	at junit@1000/org.junit.internal.runners.statements.InvokeMethod.evaluate(InvokeMethod.java:17)&#13;
	at junit@1000/org.junit.runners.ParentRunner$3.evaluate(ParentRunner.java:306)&#13;
	at junit@1000/org.junit.runners.BlockJUnit4ClassRunner$1.evaluate(BlockJUnit4ClassRunner.java:100)&#13;
	at junit@1000/org.junit.runners.ParentRunner.runLeaf(ParentRunner.java:366)&#13;
	at junit@1000/org.junit.runners.BlockJUnit4ClassRunner.runChild(BlockJUnit4ClassRunner.java:103)&#13;
	at junit@1000/org.junit.runners.BlockJUnit4ClassRunner.runChild(BlockJUnit4ClassRunner.java:63)&#13;
	at junit@1000/org.junit.runners.ParentRunner$4.run(ParentRunner.java:331)&#13;
	at junit@1000/org.junit.runners.ParentRunner$1.schedule(ParentRunner.java:79)&#13;
	at junit@1000/org.junit.runners.ParentRunner.runChildren(ParentRunner.java:329)&#13;
	at junit@1000/org.junit.runners.ParentRunner.access$100(ParentRunner.java:66)&#13;
	at junit@1000/org.junit.runners.ParentRunner$2.evaluate(ParentRunner.java:293)&#13;
	at junit@1000/org.junit.runners.ParentRunner$3.evaluate(ParentRunner.java:306)&#13;
	at junit@1000/org.junit.runners.ParentRunner.run(ParentRunner.java:413)&#13;
	at org.eclipse.jdt.internal.junit4.runner.JUnit4TestReference.run(JUnit4TestReference.java:93)&#13;
	at org.eclipse.jdt.internal.junit.runner.TestExecution.run(TestExecution.java:40)&#13;
	at org.eclipse.jdt.internal.junit.runner.RemoteTestRunner.runTests(RemoteTestRunner.java:530)&#13;
	at org.eclipse.jdt.internal.junit.runner.RemoteTestRunner.runTests(RemoteTestRunner.java:758)&#13;
	at org.eclipse.jdt.internal.junit.runner.RemoteTestRunner.run(RemoteTestRunner.java:453)&#13;
	at org.eclipse.jdt.internal.junit.runner.RemoteTestRunner.main(RemoteTestRunner.java:211)&#13;
&#13;
</error>
    </testcase>
    <testcase name="testDivisionByZero" classname="lab12.MathExpressionParserTest" time="0.0">
      <error>java.lang.IllegalArgumentException: Invalid expression: 1/0&#13;
	at lab12/lab12.MathExpressionParser.evaluateExpression(MathExpressionParser.java:27)&#13;
	at lab12/lab12.MathExpressionParserTest.testDivisionByZero(MathExpressionParserTest.java:57)&#13;
	at java.base/jdk.internal.reflect.DirectMethodHandleAccessor.invoke(DirectMethodHandleAccessor.java:103)&#13;
	at java.base/java.lang.reflect.Method.invoke(Method.java:580)&#13;
	at junit@1000/org.junit.runners.model.FrameworkMethod$1.runReflectiveCall(FrameworkMethod.java:59)&#13;
	at junit@1000/org.junit.internal.runners.model.ReflectiveCallable.run(ReflectiveCallable.java:12)&#13;
	at junit@1000/org.junit.runners.model.FrameworkMethod.invokeExplosively(FrameworkMethod.java:56)&#13;
	at junit@1000/org.junit.internal.runners.statements.InvokeMethod.evaluate(InvokeMethod.java:17)&#13;
	at junit@1000/org.junit.runners.ParentRunner$3.evaluate(ParentRunner.java:306)&#13;
	at junit@1000/org.junit.runners.BlockJUnit4ClassRunner$1.evaluate(BlockJUnit4ClassRunner.java:100)&#13;
	at junit@1000/org.junit.runners.ParentRunner.runLeaf(ParentRunner.java:366)&#13;
	at junit@1000/org.junit.runners.BlockJUnit4ClassRunner.runChild(BlockJUnit4ClassRunner.java:103)&#13;
	at junit@1000/org.junit.runners.BlockJUnit4ClassRunner.runChild(BlockJUnit4ClassRunner.java:63)&#13;
	at junit@1000/org.junit.runners.ParentRunner$4.run(ParentRunner.java:331)&#13;
	at junit@1000/org.junit.runners.ParentRunner$1.schedule(ParentRunner.java:79)&#13;
	at junit@1000/org.junit.runners.ParentRunner.runChildren(ParentRunner.java:329)&#13;
	at junit@1000/org.junit.runners.ParentRunner.access$100(ParentRunner.java:66)&#13;
	at junit@1000/org.junit.runners.ParentRunner$2.evaluate(ParentRunner.java:293)&#13;
	at junit@1000/org.junit.runners.ParentRunner$3.evaluate(ParentRunner.java:306)&#13;
	at junit@1000/org.junit.runners.ParentRunner.run(ParentRunner.java:413)&#13;
	at org.eclipse.jdt.internal.junit4.runner.JUnit4TestReference.run(JUnit4TestReference.java:93)&#13;
	at org.eclipse.jdt.internal.junit.runner.TestExecution.run(TestExecution.java:40)&#13;
	at org.eclipse.jdt.internal.junit.runner.RemoteTestRunner.runTests(RemoteTestRunner.java:530)&#13;
	at org.eclipse.jdt.internal.junit.runner.RemoteTestRunner.runTests(RemoteTestRunner.java:758)&#13;
	at org.eclipse.jdt.internal.junit.runner.RemoteTestRunner.run(RemoteTestRunner.java:453)&#13;
	at org.eclipse.jdt.internal.junit.runner.RemoteTestRunner.main(RemoteTestRunner.java:211)&#13;
&#13;
</error>
    </testcase>
    <testcase name="testMixedOperations" classname="lab12.MathExpressionParserTest" time="0.0">
      <error>java.lang.IllegalArgumentException: Invalid expression: 10/2+3*4&#13;
	at lab12/lab12.MathExpressionParser.evaluateExpression(MathExpressionParser.java:27)&#13;
	at lab12/lab12.MathExpressionParserTest.testMixedOperations(MathExpressionParserTest.java:32)&#13;
	at java.base/jdk.internal.reflect.DirectMethodHandleAccessor.invoke(DirectMethodHandleAccessor.java:103)&#13;
	at java.base/java.lang.reflect.Method.invoke(Method.java:580)&#13;
	at junit@1000/org.junit.runners.model.FrameworkMethod$1.runReflectiveCall(FrameworkMethod.java:59)&#13;
	at junit@1000/org.junit.internal.runners.model.ReflectiveCallable.run(ReflectiveCallable.java:12)&#13;
	at junit@1000/org.junit.runners.model.FrameworkMethod.invokeExplosively(FrameworkMethod.java:56)&#13;
	at junit@1000/org.junit.internal.runners.statements.InvokeMethod.evaluate(InvokeMethod.java:17)&#13;
	at junit@1000/org.junit.runners.ParentRunner$3.evaluate(ParentRunner.java:306)&#13;
	at junit@1000/org.junit.runners.BlockJUnit4ClassRunner$1.evaluate(BlockJUnit4ClassRunner.java:100)&#13;
	at junit@1000/org.junit.runners.ParentRunner.runLeaf(ParentRunner.java:366)&#13;
	at junit@1000/org.junit.runners.BlockJUnit4ClassRunner.runChild(BlockJUnit4ClassRunner.java:103)&#13;
	at junit@1000/org.junit.runners.BlockJUnit4ClassRunner.runChild(BlockJUnit4ClassRunner.java:63)&#13;
	at junit@1000/org.junit.runners.ParentRunner$4.run(ParentRunner.java:331)&#13;
	at junit@1000/org.junit.runners.ParentRunner$1.schedule(ParentRunner.java:79)&#13;
	at junit@1000/org.junit.runners.ParentRunner.runChildren(ParentRunner.java:329)&#13;
	at junit@1000/org.junit.runners.ParentRunner.access$100(ParentRunner.java:66)&#13;
	at junit@1000/org.junit.runners.ParentRunner$2.evaluate(ParentRunner.java:293)&#13;
	at junit@1000/org.junit.runners.ParentRunner$3.evaluate(ParentRunner.java:306)&#13;
	at junit@1000/org.junit.runners.ParentRunner.run(ParentRunner.java:413)&#13;
	at org.eclipse.jdt.internal.junit4.runner.JUnit4TestReference.run(JUnit4TestReference.java:93)&#13;
	at org.eclipse.jdt.internal.junit.runner.TestExecution.run(TestExecution.java:40)&#13;
	at org.eclipse.jdt.internal.junit.runner.RemoteTestRunner.runTests(RemoteTestRunner.java:530)&#13;
	at org.eclipse.jdt.internal.junit.runner.RemoteTestRunner.runTests(RemoteTestRunner.java:758)&#13;
	at org.eclipse.jdt.internal.junit.runner.RemoteTestRunner.run(RemoteTestRunner.java:453)&#13;
	at org.eclipse.jdt.internal.junit.runner.RemoteTestRunner.main(RemoteTestRunner.java:211)&#13;
&#13;
</error>
    </testcase>
    <testcase name="testFloatingPointNumbers" classname="lab12.MathExpressionParserTest" time="0.0">
      <error>java.lang.IllegalArgumentException: Invalid expression: 2.5+3.7*2&#13;
	at lab12/lab12.MathExpressionParser.evaluateExpression(MathExpressionParser.java:27)&#13;
	at lab12/lab12.MathExpressionParserTest.testFloatingPointNumbers(MathExpressionParserTest.java:38)&#13;
	at java.base/jdk.internal.reflect.DirectMethodHandleAccessor.invoke(DirectMethodHandleAccessor.java:103)&#13;
	at java.base/java.lang.reflect.Method.invoke(Method.java:580)&#13;
	at junit@1000/org.junit.runners.model.FrameworkMethod$1.runReflectiveCall(FrameworkMethod.java:59)&#13;
	at junit@1000/org.junit.internal.runners.model.ReflectiveCallable.run(ReflectiveCallable.java:12)&#13;
	at junit@1000/org.junit.runners.model.FrameworkMethod.invokeExplosively(FrameworkMethod.java:56)&#13;
	at junit@1000/org.junit.internal.runners.statements.InvokeMethod.evaluate(InvokeMethod.java:17)&#13;
	at junit@1000/org.junit.runners.ParentRunner$3.evaluate(ParentRunner.java:306)&#13;
	at junit@1000/org.junit.runners.BlockJUnit4ClassRunner$1.evaluate(BlockJUnit4ClassRunner.java:100)&#13;
	at junit@1000/org.junit.runners.ParentRunner.runLeaf(ParentRunner.java:366)&#13;
	at junit@1000/org.junit.runners.BlockJUnit4ClassRunner.runChild(BlockJUnit4ClassRunner.java:103)&#13;
	at junit@1000/org.junit.runners.BlockJUnit4ClassRunner.runChild(BlockJUnit4ClassRunner.java:63)&#13;
	at junit@1000/org.junit.runners.ParentRunner$4.run(ParentRunner.java:331)&#13;
	at junit@1000/org.junit.runners.ParentRunner$1.schedule(ParentRunner.java:79)&#13;
	at junit@1000/org.junit.runners.ParentRunner.runChildren(ParentRunner.java:329)&#13;
	at junit@1000/org.junit.runners.ParentRunner.access$100(ParentRunner.java:66)&#13;
	at junit@1000/org.junit.runners.ParentRunner$2.evaluate(ParentRunner.java:293)&#13;
	at junit@1000/org.junit.runners.ParentRunner$3.evaluate(ParentRunner.java:306)&#13;
	at junit@1000/org.junit.runners.ParentRunner.run(ParentRunner.java:413)&#13;
	at org.eclipse.jdt.internal.junit4.runner.JUnit4TestReference.run(JUnit4TestReference.java:93)&#13;
	at org.eclipse.jdt.internal.junit.runner.TestExecution.run(TestExecution.java:40)&#13;
	at org.eclipse.jdt.internal.junit.runner.RemoteTestRunner.runTests(RemoteTestRunner.java:530)&#13;
	at org.eclipse.jdt.internal.junit.runner.RemoteTestRunner.runTests(RemoteTestRunner.java:758)&#13;
	at org.eclipse.jdt.internal.junit.runner.RemoteTestRunner.run(RemoteTestRunner.java:453)&#13;
	at org.eclipse.jdt.internal.junit.runner.RemoteTestRunner.main(RemoteTestRunner.java:211)&#13;
&#13;
</error>
    </testcase>
    <testcase name="testNegativeNumbers" classname="lab12.MathExpressionParserTest" time="0.001">
      <error>java.lang.IllegalArgumentException: Invalid expression: -5+3*-2&#13;
	at lab12/lab12.MathExpressionParser.evaluateExpression(MathExpressionParser.java:27)&#13;
	at lab12/lab12.MathExpressionParserTest.testNegativeNumbers(MathExpressionParserTest.java:44)&#13;
	at java.base/jdk.internal.reflect.DirectMethodHandleAccessor.invoke(DirectMethodHandleAccessor.java:103)&#13;
	at java.base/java.lang.reflect.Method.invoke(Method.java:580)&#13;
	at junit@1000/org.junit.runners.model.FrameworkMethod$1.runReflectiveCall(FrameworkMethod.java:59)&#13;
	at junit@1000/org.junit.internal.runners.model.ReflectiveCallable.run(ReflectiveCallable.java:12)&#13;
	at junit@1000/org.junit.runners.model.FrameworkMethod.invokeExplosively(FrameworkMethod.java:56)&#13;
	at junit@1000/org.junit.internal.runners.statements.InvokeMethod.evaluate(InvokeMethod.java:17)&#13;
	at junit@1000/org.junit.runners.ParentRunner$3.evaluate(ParentRunner.java:306)&#13;
	at junit@1000/org.junit.runners.BlockJUnit4ClassRunner$1.evaluate(BlockJUnit4ClassRunner.java:100)&#13;
	at junit@1000/org.junit.runners.ParentRunner.runLeaf(ParentRunner.java:366)&#13;
	at junit@1000/org.junit.runners.BlockJUnit4ClassRunner.runChild(BlockJUnit4ClassRunner.java:103)&#13;
	at junit@1000/org.junit.runners.BlockJUnit4ClassRunner.runChild(BlockJUnit4ClassRunner.java:63)&#13;
	at junit@1000/org.junit.runners.ParentRunner$4.run(ParentRunner.java:331)&#13;
	at junit@1000/org.junit.runners.ParentRunner$1.schedule(ParentRunner.java:79)&#13;
	at junit@1000/org.junit.runners.ParentRunner.runChildren(ParentRunner.java:329)&#13;
	at junit@1000/org.junit.runners.ParentRunner.access$100(ParentRunner.java:66)&#13;
	at junit@1000/org.junit.runners.ParentRunner$2.evaluate(ParentRunner.java:293)&#13;
	at junit@1000/org.junit.runners.ParentRunner$3.evaluate(ParentRunner.java:306)&#13;
	at junit@1000/org.junit.runners.ParentRunner.run(ParentRunner.java:413)&#13;
	at org.eclipse.jdt.internal.junit4.runner.JUnit4TestReference.run(JUnit4TestReference.java:93)&#13;
	at org.eclipse.jdt.internal.junit.runner.TestExecution.run(TestExecution.java:40)&#13;
	at org.eclipse.jdt.internal.junit.runner.RemoteTestRunner.runTests(RemoteTestRunner.java:530)&#13;
	at org.eclipse.jdt.internal.junit.runner.RemoteTestRunner.runTests(RemoteTestRunner.java:758)&#13;
	at org.eclipse.jdt.internal.junit.runner.RemoteTestRunner.run(RemoteTestRunner.java:453)&#13;
	at org.eclipse.jdt.internal.junit.runner.RemoteTestRunner.main(RemoteTestRunner.java:211)&#13;
&#13;
</error>
    </testcase>
  </testsuite>
</testrun>
